[1705051814.814][INFO]: Starting ChromeDriver 120.0.6099.109 (3419140ab665596f21b385ce136419fde0924272-refs/branch-heads/6099@{#1483}) on port 24090
[1705051814.814][INFO]: Please see https://chromedriver.chromium.org/security-considerations for suggestions on keeping ChromeDriver safe.
[1705051815.640][INFO]: [a57b25e3c3364e1ee8e440f36b448880] COMMAND InitSession {
   "capabilities": {
      "firstMatch": [ {
         "browserName": "chrome",
         "goog:chromeOptions": {
            "args": [  ],
            "extensions": [  ]
         },
         "goog:loggingPrefs": {
            "browser": "ALL",
            "driver": "ALL"
         }
      } ]
   }
}
[1705051815.641][INFO]: Browser search. Trying... C:\Users\SUBHAJIT\.cache\selenium\chromedriver\win64\120.0.6099.109\chrome.exe
[1705051815.641][INFO]: Browser search. Trying... C:\Users\SUBHAJIT\.cache\selenium\chromedriver\win64\120.0.6099.109\chrome.exe
[1705051815.641][INFO]: Browser search. Trying... C:\Users\SUBHAJIT\.cache\selenium\chromedriver\win64\120.0.6099.109\chromium.exe
[1705051815.645][INFO]: Browser search. Trying... C:\Users\SUBHAJIT\AppData\Local\Google\Chrome\Application\chrome.exe
[1705051815.645][INFO]: Browser search. Trying... C:\Program Files\Google\Chrome\Application\chrome.exe
[1705051815.645][INFO]: Browser search. Trying... C:\Program Files (x86)\Google\Chrome\Application\chrome.exe
[1705051815.645][INFO]: Browser search. Found at  C:\Program Files (x86)\Google\Chrome\Application\chrome.exe
[1705051815.647][INFO]: Populating Preferences file: {
   "alternate_error_pages": {
      "enabled": false
   },
   "autofill": {
      "enabled": false
   },
   "browser": {
      "check_default_browser": false
   },
   "distribution": {
      "import_bookmarks": false,
      "import_history": false,
      "import_search_engine": false,
      "make_chrome_default_for_user": false,
      "skip_first_run_ui": true
   },
   "dns_prefetching": {
      "enabled": false
   },
   "profile": {
      "content_settings": {
         "pattern_pairs": {
            "https://*,*": {
               "media-stream": {
                  "audio": "Default",
                  "video": "Default"
               }
            }
         }
      },
      "default_content_setting_values": {
         "geolocation": 1
      },
      "default_content_settings": {
         "geolocation": 1,
         "mouselock": 1,
         "notifications": 1,
         "popups": 1,
         "ppapi-broker": 1
      },
      "password_manager_enabled": false
   },
   "safebrowsing": {
      "enabled": false
   },
   "search": {
      "suggest_enabled": false
   },
   "translate": {
      "enabled": false
   }
}
[1705051815.650][INFO]: Populating Local State file: {
   "background_mode": {
      "enabled": false
   },
   "ssl": {
      "rev_checking": {
         "enabled": false
      }
   }
}
[1705051815.651][INFO]: ChromeDriver supports communication with Chrome via pipes. This is more reliable and more secure.
[1705051815.651][INFO]: Use the --remote-debugging-pipe Chrome switch instead of the default --remote-debugging-port to enable this communication mode.
[1705051815.653][INFO]: Launching chrome: "C:\Program Files (x86)\Google\Chrome\Application\chrome.exe" --allow-pre-commit-input --disable-background-networking --disable-backgrounding-occluded-windows --disable-client-side-phishing-detection --disable-default-apps --disable-hang-monitor --disable-popup-blocking --disable-prompt-on-repost --disable-sync --enable-automation --enable-logging --log-level=0 --no-first-run --no-service-autorun --password-store=basic --remote-debugging-port=0 --test-type=webdriver --use-mock-keychain --user-data-dir="C:\Users\SUBHAJIT\AppData\Local\Temp\scoped_dir13896_414610142" data:,
[1705051816.489][INFO]: resolved localhost to ["::1","127.0.0.1"]
[1705051816.589][INFO]: [a57b25e3c3364e1ee8e440f36b448880] RESPONSE InitSession {
   "capabilities": {
      "acceptInsecureCerts": false,
      "browserName": "chrome",
      "browserVersion": "120.0.6099.217",
      "chrome": {
         "chromedriverVersion": "120.0.6099.109 (3419140ab665596f21b385ce136419fde0924272-refs/branch-heads/6099@{#1483})",
         "userDataDir": "C:\\Users\\SUBHAJIT\\AppData\\Local\\Temp\\scoped_dir13896_414610142"
      },
      "fedcm:accounts": true,
      "goog:chromeOptions": {
         "debuggerAddress": "localhost:62575"
      },
      "networkConnectionEnabled": false,
      "pageLoadStrategy": "normal",
      "platformName": "windows",
      "proxy": {
      },
      "setWindowRect": true,
      "strictFileInteractability": false,
      "timeouts": {
         "implicit": 0,
         "pageLoad": 300000,
         "script": 30000
      },
      "unhandledPromptBehavior": "dismiss and notify",
      "webauthn:extension:credBlob": true,
      "webauthn:extension:largeBlob": true,
      "webauthn:extension:minPinLength": true,
      "webauthn:extension:prf": true,
      "webauthn:virtualAuthenticators": true
   },
   "sessionId": "a57b25e3c3364e1ee8e440f36b448880"
}
[1705051816.906][INFO]: [a57b25e3c3364e1ee8e440f36b448880] COMMAND MaximizeWindow {
}
[1705051816.906][INFO]: Waiting for pending navigations...
[1705051816.907][INFO]: Done waiting for pending navigations. Status: ok
[1705051817.024][INFO]: Waiting for pending navigations...
[1705051817.025][INFO]: Done waiting for pending navigations. Status: ok
[1705051817.025][INFO]: [a57b25e3c3364e1ee8e440f36b448880] RESPONSE MaximizeWindow {
   "height": 832,
   "width": 1552,
   "x": -8,
   "y": -8
}
[1705051817.049][INFO]: [a57b25e3c3364e1ee8e440f36b448880] COMMAND SetTimeouts {
   "implicit": 30000
}
[1705051817.049][INFO]: [a57b25e3c3364e1ee8e440f36b448880] RESPONSE SetTimeouts
[1705051817.066][INFO]: [a57b25e3c3364e1ee8e440f36b448880] COMMAND Navigate {
   "url": " https://leetcode.com/"
}
[1705051817.066][INFO]: Waiting for pending navigations...
[1705051817.067][INFO]: Done waiting for pending navigations. Status: ok
[1705051817.605][INFO]: Waiting for pending navigations...
[1705051822.379][INFO]: Done waiting for pending navigations. Status: ok
[1705051822.379][INFO]: [a57b25e3c3364e1ee8e440f36b448880] RESPONSE Navigate
[1705051822.390][INFO]: [a57b25e3c3364e1ee8e440f36b448880] COMMAND GetUrl {
}
[1705051822.390][INFO]: Waiting for pending navigations...
[1705051822.391][INFO]: Done waiting for pending navigations. Status: ok
[1705051822.400][INFO]: Waiting for pending navigations...
[1705051822.403][INFO]: Done waiting for pending navigations. Status: ok
[1705051822.403][INFO]: [a57b25e3c3364e1ee8e440f36b448880] RESPONSE GetUrl "https://leetcode.com/"
[1705051822.412][INFO]: [a57b25e3c3364e1ee8e440f36b448880] COMMAND Navigate {
   "url": "https://leetcode.com/"
}
[1705051822.412][INFO]: Waiting for pending navigations...
[1705051822.413][INFO]: Done waiting for pending navigations. Status: ok
[1705051822.823][INFO]: Waiting for pending navigations...
[1705051824.426][INFO]: Done waiting for pending navigations. Status: ok
[1705051824.426][INFO]: [a57b25e3c3364e1ee8e440f36b448880] RESPONSE Navigate
[1705051827.455][INFO]: [a57b25e3c3364e1ee8e440f36b448880] COMMAND FindElement {
   "using": "xpath",
   "value": "//p[contains(text(),\"View Questions\")]"
}
[1705051827.455][INFO]: Waiting for pending navigations...
[1705051827.457][INFO]: Done waiting for pending navigations. Status: ok
[1705051827.487][INFO]: Waiting for pending navigations...
[1705051827.488][INFO]: Done waiting for pending navigations. Status: ok
[1705051827.488][INFO]: [a57b25e3c3364e1ee8e440f36b448880] RESPONSE FindElement {
   "element-6066-11e4-a52e-4f735466cecf": "B8AA9ADC584F4C9AD8A33559A8CE064C_element_29"
}
[1705051827.506][INFO]: [a57b25e3c3364e1ee8e440f36b448880] COMMAND ClickElement {
   "id": "B8AA9ADC584F4C9AD8A33559A8CE064C_element_29"
}
[1705051827.506][INFO]: Waiting for pending navigations...
[1705051827.508][INFO]: Done waiting for pending navigations. Status: ok
[1705051827.649][INFO]: Waiting for pending navigations...
[1705051831.289][INFO]: Done waiting for pending navigations. Status: ok
[1705051831.289][INFO]: [a57b25e3c3364e1ee8e440f36b448880] RESPONSE ClickElement
[1705051834.312][INFO]: [a57b25e3c3364e1ee8e440f36b448880] COMMAND GetUrl {
}
[1705051834.312][INFO]: Waiting for pending navigations...
[1705051834.314][INFO]: Done waiting for pending navigations. Status: ok
[1705051834.320][INFO]: Waiting for pending navigations...
[1705051834.322][INFO]: Done waiting for pending navigations. Status: ok
[1705051834.322][INFO]: [a57b25e3c3364e1ee8e440f36b448880] RESPONSE GetUrl "https://leetcode.com/problemset/"
[1705051834.336][INFO]: [a57b25e3c3364e1ee8e440f36b448880] COMMAND FindElements {
   "using": "xpath",
   "value": "(//div[@class='overflow-hidden'])"
}
[1705051834.336][INFO]: Waiting for pending navigations...
[1705051834.337][INFO]: Done waiting for pending navigations. Status: ok
[1705051834.368][INFO]: Waiting for pending navigations...
[1705051834.369][INFO]: Done waiting for pending navigations. Status: ok
[1705051834.369][INFO]: [a57b25e3c3364e1ee8e440f36b448880] RESPONSE FindElements [ {
   "element-6066-11e4-a52e-4f735466cecf": "D3268935376B0E1E9D881921C16382B7_element_53"
}, {
   "element-6066-11e4-a52e-4f735466cecf": "D3268935376B0E1E9D881921C16382B7_element_54"
}, {
   "element-6066-11e4-a52e-4f735466cecf": "D3268935376B0E1E9D881921C16382B7_element_55"
}, {
   "element-6066-11e4-a52e-4f735466cecf": "D3268935376B0E1E9D881921C16382B7_element_56"
}, {
   "element-6066-11e4-a52e-4f735466cecf": "D3268935376B0E1E9D881921C16382B7_element_57"
}, {
   "element-6066-11e4-a52e-4f735466cecf": "D3268935376B0E1E9D881921C16382B7_element_58"
}, {
   "element-6066-11e4-a52e-4f735466cecf": "D3268935376B0E1E9D881921C16382B7_element_59"
}, {
   "element-6066-11e4-a52e-4f735466cecf": "D3268935376B0E1E9D881921C16382B7_element_60"
}, {
   "element-6066-11e4-a52e-4f735466cecf": "D3268935376B0E1E9D881921C16382B7_element_61"
}, {
   "element-6066-11e4-a52e-4f735466cecf": "D3268935376B0E1E9D881921C16382B7_element_62"
}, {
   "element-6066-11e4-a52e-4f735466cecf": "D3268935376B0E1E9D881921C16382B7_element_63"
}, {
   "element-6066-11e4-a52e-4f735466cecf": "D3268935376B0E1E9D881921C16382B7_element_64"
}, {
   "element-6066-11e4-a52e-4f735466cecf": "D3268935376B0E1E9D881921C16382B7_element_65"
}, {
   "element-6066-11e4-a52e-4f735466cecf": "D3268935376B0E1E9D881921C16382B7_element_66"
}, {
   "element-6066-11e4-a52e-4f735466cecf": "D3268935376B0E1E9D881921C16382B7_element_67"
}, {
   "element-6066-11e4-a52e-4f735466cecf": "D3268935376B0E1E9D881921C16382B7_element_68"
}, {
   "element-6066-11e4-a52e-4f735466cecf": "D3268935376B0E1E9D881921C16382B7_element_69"
}, {
   "element-6066-11e4-a52e-4f735466cecf": "D3268935376B0E1E9D881921C16382B7_element_70"
}, {
   "element-6066-11e4-a52e-4f735466cecf": "D3268935376B0E1E9D881921C16382B7_element_71"
}, "..." ]
[1705051834.411][INFO]: [a57b25e3c3364e1ee8e440f36b448880] COMMAND GetElementText {
   "id": "D3268935376B0E1E9D881921C16382B7_element_54"
}
[1705051834.411][INFO]: Waiting for pending navigations...
[1705051834.412][INFO]: Done waiting for pending navigations. Status: ok
[1705051834.430][INFO]: Waiting for pending navigations...
[1705051834.430][INFO]: Done waiting for pending navigations. Status: ok
[1705051834.430][INFO]: [a57b25e3c3364e1ee8e440f36b448880] RESPONSE GetElementText "1. Two Sum"
[1705051834.439][INFO]: [a57b25e3c3364e1ee8e440f36b448880] COMMAND GetElementText {
   "id": "D3268935376B0E1E9D881921C16382B7_element_55"
}
[1705051834.439][INFO]: Waiting for pending navigations...
[1705051834.440][INFO]: Done waiting for pending navigations. Status: ok
[1705051834.449][INFO]: Waiting for pending navigations...
[1705051834.449][INFO]: Done waiting for pending navigations. Status: ok
[1705051834.449][INFO]: [a57b25e3c3364e1ee8e440f36b448880] RESPONSE GetElementText "2. Add Two Numbers"
[1705051834.458][INFO]: [a57b25e3c3364e1ee8e440f36b448880] COMMAND GetElementText {
   "id": "D3268935376B0E1E9D881921C16382B7_element_56"
}
[1705051834.458][INFO]: Waiting for pending navigations...
[1705051834.459][INFO]: Done waiting for pending navigations. Status: ok
[1705051834.469][INFO]: Waiting for pending navigations...
[1705051834.470][INFO]: Done waiting for pending navigations. Status: ok
[1705051834.470][INFO]: [a57b25e3c3364e1ee8e440f36b448880] RESPONSE GetElementText "3. Longest Substring Without Repeating Characters"
[1705051834.481][INFO]: [a57b25e3c3364e1ee8e440f36b448880] COMMAND GetElementText {
   "id": "D3268935376B0E1E9D881921C16382B7_element_57"
}
[1705051834.481][INFO]: Waiting for pending navigations...
[1705051834.482][INFO]: Done waiting for pending navigations. Status: ok
[1705051834.492][INFO]: Waiting for pending navigations...
[1705051834.493][INFO]: Done waiting for pending navigations. Status: ok
[1705051834.493][INFO]: [a57b25e3c3364e1ee8e440f36b448880] RESPONSE GetElementText "4. Median of Two Sorted Arrays"
[1705051834.500][INFO]: [a57b25e3c3364e1ee8e440f36b448880] COMMAND GetElementText {
   "id": "D3268935376B0E1E9D881921C16382B7_element_58"
}
[1705051834.500][INFO]: Waiting for pending navigations...
[1705051834.501][INFO]: Done waiting for pending navigations. Status: ok
[1705051834.514][INFO]: Waiting for pending navigations...
[1705051834.514][INFO]: Done waiting for pending navigations. Status: ok
[1705051834.514][INFO]: [a57b25e3c3364e1ee8e440f36b448880] RESPONSE GetElementText "5. Longest Palindromic Substring"
[1705051834.523][INFO]: [a57b25e3c3364e1ee8e440f36b448880] COMMAND Navigate {
   "url": "https://leetcode.com/problemset/"
}
[1705051834.523][INFO]: Waiting for pending navigations...
[1705051834.524][INFO]: Done waiting for pending navigations. Status: ok
[1705051834.997][INFO]: Waiting for pending navigations...
[1705051837.161][INFO]: Done waiting for pending navigations. Status: ok
[1705051837.161][INFO]: [a57b25e3c3364e1ee8e440f36b448880] RESPONSE Navigate
[1705051841.178][INFO]: [a57b25e3c3364e1ee8e440f36b448880] COMMAND FindElement {
   "using": "xpath",
   "value": "(//div[@class='truncate']//a)[2]"
}
[1705051841.178][INFO]: Waiting for pending navigations...
[1705051841.179][INFO]: Done waiting for pending navigations. Status: ok
[1705051841.210][INFO]: Waiting for pending navigations...
[1705051841.211][INFO]: Done waiting for pending navigations. Status: ok
[1705051841.211][INFO]: [a57b25e3c3364e1ee8e440f36b448880] RESPONSE FindElement {
   "element-6066-11e4-a52e-4f735466cecf": "7DB1C3C36F29179ED0E804B890652A9E_element_124"
}
[1705051841.222][INFO]: [a57b25e3c3364e1ee8e440f36b448880] COMMAND ClickElement {
   "id": "7DB1C3C36F29179ED0E804B890652A9E_element_124"
}
[1705051841.223][INFO]: Waiting for pending navigations...
[1705051841.224][INFO]: Done waiting for pending navigations. Status: ok
[1705051841.337][INFO]: Waiting for pending navigations...
[1705051843.555][INFO]: Done waiting for pending navigations. Status: ok
[1705051843.555][INFO]: [a57b25e3c3364e1ee8e440f36b448880] RESPONSE ClickElement
[1705051846.574][INFO]: [a57b25e3c3364e1ee8e440f36b448880] COMMAND GetUrl {
}
[1705051846.575][INFO]: Waiting for pending navigations...
[1705051846.989][INFO]: Done waiting for pending navigations. Status: ok
[1705051846.995][INFO]: Waiting for pending navigations...
[1705051846.995][INFO]: Done waiting for pending navigations. Status: ok
[1705051846.995][INFO]: [a57b25e3c3364e1ee8e440f36b448880] RESPONSE GetUrl "https://leetcode.com/problems/two-sum/description/"
[1705051847.005][INFO]: [a57b25e3c3364e1ee8e440f36b448880] COMMAND Navigate {
   "url": "https://leetcode.com/problems/two-sum/description/"
}
[1705051847.005][INFO]: Waiting for pending navigations...
[1705051847.014][INFO]: Done waiting for pending navigations. Status: ok
[1705051847.434][INFO]: Waiting for pending navigations...
[1705051848.824][INFO]: Done waiting for pending navigations. Status: ok
[1705051848.824][INFO]: [a57b25e3c3364e1ee8e440f36b448880] RESPONSE Navigate
[1705051851.835][INFO]: [a57b25e3c3364e1ee8e440f36b448880] COMMAND FindElement {
   "using": "xpath",
   "value": "(//button[normalize-space()='Enable Dynamic Layout'])[1]"
}
[1705051851.836][INFO]: Waiting for pending navigations...
[1705051851.839][INFO]: Done waiting for pending navigations. Status: ok
[1705051851.897][INFO]: Waiting for pending navigations...
[1705051851.901][INFO]: Done waiting for pending navigations. Status: ok
[1705051851.901][INFO]: [a57b25e3c3364e1ee8e440f36b448880] RESPONSE FindElement {
   "element-6066-11e4-a52e-4f735466cecf": "2E6EE52690F6679070907FC8273E33B2_element_185"
}
[1705051851.921][INFO]: [a57b25e3c3364e1ee8e440f36b448880] COMMAND ClickElement {
   "id": "2E6EE52690F6679070907FC8273E33B2_element_185"
}
[1705051851.922][INFO]: Waiting for pending navigations...
[1705051851.922][INFO]: Done waiting for pending navigations. Status: ok
[1705051852.050][INFO]: Waiting for pending navigations...
[1705051852.053][INFO]: Done waiting for pending navigations. Status: ok
[1705051852.053][INFO]: [a57b25e3c3364e1ee8e440f36b448880] RESPONSE ClickElement
[1705051852.060][INFO]: [a57b25e3c3364e1ee8e440f36b448880] COMMAND FindElement {
   "using": "xpath",
   "value": "(//*[name()='svg'][@role='img'])[43]"
}
[1705051852.060][INFO]: Waiting for pending navigations...
[1705051852.063][INFO]: Done waiting for pending navigations. Status: ok
[1705051852.574][INFO]: Waiting for pending navigations...
[1705051852.576][INFO]: Done waiting for pending navigations. Status: ok
[1705051852.577][INFO]: [a57b25e3c3364e1ee8e440f36b448880] RESPONSE FindElement {
   "element-6066-11e4-a52e-4f735466cecf": "2E6EE52690F6679070907FC8273E33B2_element_186"
}
[1705051852.590][INFO]: [a57b25e3c3364e1ee8e440f36b448880] COMMAND ClickElement {
   "id": "2E6EE52690F6679070907FC8273E33B2_element_186"
}
[1705051852.590][INFO]: Waiting for pending navigations...
[1705051852.591][INFO]: Done waiting for pending navigations. Status: ok
[1705051852.657][INFO]: Waiting for pending navigations...
[1705051852.659][INFO]: Done waiting for pending navigations. Status: ok
[1705051852.659][INFO]: [a57b25e3c3364e1ee8e440f36b448880] RESPONSE ClickElement
[1705051855.676][INFO]: [a57b25e3c3364e1ee8e440f36b448880] COMMAND FindElement {
   "using": "xpath",
   "value": "(//div[text()='Submissions']/following-sibling::div)[1]"
}
[1705051855.676][INFO]: Waiting for pending navigations...
[1705051855.679][INFO]: Done waiting for pending navigations. Status: ok
[1705051855.703][INFO]: Waiting for pending navigations...
[1705051855.704][INFO]: Done waiting for pending navigations. Status: ok
[1705051855.704][INFO]: [a57b25e3c3364e1ee8e440f36b448880] RESPONSE FindElement {
   "element-6066-11e4-a52e-4f735466cecf": "2E6EE52690F6679070907FC8273E33B2_element_188"
}
[1705051855.713][INFO]: [a57b25e3c3364e1ee8e440f36b448880] COMMAND ClickElement {
   "id": "2E6EE52690F6679070907FC8273E33B2_element_188"
}
[1705051855.713][INFO]: Waiting for pending navigations...
[1705051855.714][INFO]: Done waiting for pending navigations. Status: ok
[1705051855.800][INFO]: Waiting for pending navigations...
[1705051855.849][INFO]: Done waiting for pending navigations. Status: ok
[1705051855.849][INFO]: [a57b25e3c3364e1ee8e440f36b448880] RESPONSE ClickElement
[1705051858.880][INFO]: [a57b25e3c3364e1ee8e440f36b448880] COMMAND FindElement {
   "using": "xpath",
   "value": "//a[contains(text(),'Register or Sign In')]"
}
[1705051858.880][INFO]: Waiting for pending navigations...
[1705051858.881][INFO]: Done waiting for pending navigations. Status: ok
[1705051858.905][INFO]: Waiting for pending navigations...
[1705051858.907][INFO]: Done waiting for pending navigations. Status: ok
[1705051858.907][INFO]: [a57b25e3c3364e1ee8e440f36b448880] RESPONSE FindElement {
   "element-6066-11e4-a52e-4f735466cecf": "2E6EE52690F6679070907FC8273E33B2_element_189"
}
[1705051858.917][INFO]: [a57b25e3c3364e1ee8e440f36b448880] COMMAND GetElementText {
   "id": "2E6EE52690F6679070907FC8273E33B2_element_189"
}
[1705051858.917][INFO]: Waiting for pending navigations...
[1705051858.918][INFO]: Done waiting for pending navigations. Status: ok
[1705051858.929][INFO]: Waiting for pending navigations...
[1705051858.930][INFO]: Done waiting for pending navigations. Status: ok
[1705051858.930][INFO]: [a57b25e3c3364e1ee8e440f36b448880] RESPONSE GetElementText "Register or Sign In"
[1705051858.940][INFO]: [a57b25e3c3364e1ee8e440f36b448880] COMMAND CloseWindow {
}
[1705051859.007][SEVERE]: Unable to receive message from renderer
[1705051859.123][INFO]: [a57b25e3c3364e1ee8e440f36b448880] RESPONSE CloseWindow [  ]
